{
  "stats": {
    "suites": 1,
    "tests": 5,
    "passes": 5,
    "pending": 0,
    "failures": 0,
    "start": "2025-05-15T18:11:40.002Z",
    "end": "2025-05-15T18:11:56.424Z",
    "duration": 16422,
    "testsRegistered": 5,
    "passPercent": 100,
    "pendingPercent": 0,
    "other": 0,
    "hasOther": false,
    "skipped": 0,
    "hasSkipped": false
  },
  "results": [
    {
      "uuid": "ec928286-4340-4f1a-ab58-11dc2b332576",
      "title": "",
      "fullFile": "cypress/e2e/login.cy.js",
      "file": "cypress/e2e/login.cy.js",
      "beforeHooks": [],
      "afterHooks": [],
      "tests": [],
      "suites": [
        {
          "uuid": "260a7fc3-1172-4d0c-9db8-98f9905ff4a4",
          "title": "Login de usuário",
          "fullFile": "",
          "file": "",
          "beforeHooks": [],
          "afterHooks": [],
          "tests": [
            {
              "title": "Campo E-mail vazio",
              "fullTitle": "Login de usuário Campo E-mail vazio",
              "timedOut": null,
              "duration": 2826,
              "state": "passed",
              "speed": "fast",
              "pass": true,
              "fail": false,
              "pending": false,
              "context": null,
              "code": "_login_page.default.clicarLogin();\n_login_page.default.validarMensagemErro('E-mail inválido.');",
              "err": {},
              "uuid": "e068203e-e4c5-486a-8ac3-9b85318c1216",
              "parentUUID": "260a7fc3-1172-4d0c-9db8-98f9905ff4a4",
              "isHook": false,
              "skipped": false
            },
            {
              "title": "Campo E-mail inválido",
              "fullTitle": "Login de usuário Campo E-mail inválido",
              "timedOut": null,
              "duration": 1859,
              "state": "passed",
              "speed": "fast",
              "pass": true,
              "fail": false,
              "pending": false,
              "context": null,
              "code": "_login_page.default.preencheEmail(_faker.faker.person.firstName());\n_login_page.default.clicarLogin();\n_login_page.default.validarMensagemErro('E-mail inválido.');",
              "err": {},
              "uuid": "b547f634-1914-4d34-a59d-717e911ca797",
              "parentUUID": "260a7fc3-1172-4d0c-9db8-98f9905ff4a4",
              "isHook": false,
              "skipped": false
            },
            {
              "title": "Campo Senha vazio",
              "fullTitle": "Login de usuário Campo Senha vazio",
              "timedOut": null,
              "duration": 1497,
              "state": "passed",
              "speed": "fast",
              "pass": true,
              "fail": false,
              "pending": false,
              "context": null,
              "code": "_login_page.default.preencheEmail(_faker.faker.internet.email());\n_login_page.default.clicarLogin();\n_login_page.default.validarMensagemErro('Senha inválida.');",
              "err": {},
              "uuid": "e0c2b3a7-f193-4209-b8b6-0ef08f91f133",
              "parentUUID": "260a7fc3-1172-4d0c-9db8-98f9905ff4a4",
              "isHook": false,
              "skipped": false
            },
            {
              "title": "Campo Senha inválido",
              "fullTitle": "Login de usuário Campo Senha inválido",
              "timedOut": null,
              "duration": 1772,
              "state": "passed",
              "speed": "fast",
              "pass": true,
              "fail": false,
              "pending": false,
              "context": null,
              "code": "_login_page.default.preencheEmail(_faker.faker.internet.email());\n_login_page.default.preencheSenha('113');\n_login_page.default.clicarLogin();\n_login_page.default.validarMensagemErro('Senha inválida.');",
              "err": {},
              "uuid": "5b3e1ec5-ad08-4096-a79e-b9bcc73334cc",
              "parentUUID": "260a7fc3-1172-4d0c-9db8-98f9905ff4a4",
              "isHook": false,
              "skipped": false
            },
            {
              "title": "Login com sucesso",
              "fullTitle": "Login de usuário Login com sucesso",
              "timedOut": null,
              "duration": 802,
              "state": "passed",
              "speed": "fast",
              "pass": true,
              "fail": false,
              "pending": false,
              "context": null,
              "code": "const email = await _faker.faker.internet.email();\n_login_page.default.preencheEmail(email);\n_login_page.default.preencheSenha(_faker.faker.number.float());\n_login_page.default.clicarLembrardeMim();\n_login_page.default.clicarLogin();\n_login_page.default.validarMensagemSucesso(email);",
              "err": {},
              "uuid": "8c46c64f-7ac4-4338-afc3-f0f24090a888",
              "parentUUID": "260a7fc3-1172-4d0c-9db8-98f9905ff4a4",
              "isHook": false,
              "skipped": false
            }
          ],
          "suites": [],
          "passes": [
            "e068203e-e4c5-486a-8ac3-9b85318c1216",
            "b547f634-1914-4d34-a59d-717e911ca797",
            "e0c2b3a7-f193-4209-b8b6-0ef08f91f133",
            "5b3e1ec5-ad08-4096-a79e-b9bcc73334cc",
            "8c46c64f-7ac4-4338-afc3-f0f24090a888"
          ],
          "failures": [],
          "pending": [],
          "skipped": [],
          "duration": 8756,
          "root": false,
          "rootEmpty": false,
          "_timeout": 2000
        }
      ],
      "passes": [],
      "failures": [],
      "pending": [],
      "skipped": [],
      "duration": 0,
      "root": true,
      "rootEmpty": true,
      "_timeout": 2000
    }
  ],
  "meta": {
    "mocha": {
      "version": "7.2.0"
    },
    "mochawesome": {
      "options": {
        "quiet": false,
        "reportFilename": "mochawesome",
        "saveHtml": true,
        "saveJson": true,
        "consoleReporter": "spec",
        "useInlineDiffs": false,
        "code": true
      },
      "version": "7.1.3"
    },
    "marge": {
      "options": null,
      "version": "6.2.0"
    }
  }
}